<?xml version="1.0" encoding="UTF-8"?>
<!-- Generated by org.testng.reporters.JUnitReportReporter -->
<testsuite hostname="XE-INT-LAKSHYAG" name="com.mycompany.FirstWebDriverProject.TestWebDriver" tests="1" failures="0" timestamp="29 Jun 2016 09:12:28 GMT" time="8.497" errors="0">
  <testcase name="startWebDriver" time="8.497" classname="com.mycompany.FirstWebDriverProject.TestWebDriver"/>
</testsuite> <!-- com.mycompany.FirstWebDriverProject.TestWebDriver -->
