<?xml version="1.0" encoding="UTF-8"?>
<!-- Generated by org.testng.reporters.JUnitReportReporter -->
<testsuite hostname="XE-INT-LAKSHYAG" name="com.mycompany.Try.ReportTestTest" tests="1" failures="0" timestamp="2 Jun 2016 06:57:43 GMT" time="6.243" errors="0">
  <testcase name="testIt" time="6.243" classname="com.mycompany.Try.ReportTestTest"/>
</testsuite> <!-- com.mycompany.Try.ReportTestTest -->
