<?xml version="1.0" encoding="UTF-8"?>
<!-- Generated by org.testng.reporters.JUnitReportReporter -->
<testsuite hostname="XE-INT-LAKSHYAG" name="TakingScreenshot" tests="1" failures="0" timestamp="1 Jul 2016 09:23:32 GMT" time="22.411" errors="0">
  <testcase name="DoTest" time="22.411" classname="TakingScreenshot"/>
</testsuite> <!-- TakingScreenshot -->
